2022-10-12 07:45:17,909 [main        ] [INFO ]  FireSim Manager. Docs: https://docs.fires.im
Running: infrasetup

2022-10-12 07:45:17,913 [__init__    ] [DEBUG]  {'config_file_name': 'config_hwdb.yaml',
 'hwconf_dict': {'firesim_boom_singlecore_nic_l2_llc4mb_ddr3': <runtools.runtime_config.RuntimeHWConfig object at 0x7fa8a3511310>,
                 'firesim_boom_singlecore_no_nic_l2_llc4mb_ddr3': <runtools.runtime_config.RuntimeHWConfig object at 0x7fa8a35113d0>,
                 'firesim_rocket_quadcore_nic_l2_llc4mb_ddr3': <runtools.runtime_config.RuntimeHWConfig object at 0x7fa8a3511370>,
                 'firesim_rocket_quadcore_no_nic_l2_llc4mb_ddr3': <runtools.runtime_config.RuntimeHWConfig object at 0x7fa8a35118b0>,
                 'firesim_rocket_singlecore_no_nic_l2_lbp': <runtools.runtime_config.RuntimeHWConfig object at 0x7fa8a3511460>,
                 'firesim_rocket_singlecore_sha3_nic_l2_llc4mb_ddr3': <runtools.runtime_config.RuntimeHWConfig object at 0x7fa8a3511580>,
                 'firesim_rocket_singlecore_sha3_no_nic_l2_llc4mb_ddr3': <runtools.runtime_config.RuntimeHWConfig object at 0x7fa8a3511550>,
                 'firesim_rocket_singlecore_sha3_no_nic_l2_llc4mb_ddr3_printf': <runtools.runtime_config.RuntimeHWConfig object at 0x7fa8a35114f0>,
                 'firesim_supernode_rocket_singlecore_nic_l2_lbp': <runtools.runtime_config.RuntimeHWConfig object at 0x7fa8a35114c0>},
 'simulation_mode_string': 'FPGA simulation'}
2022-10-12 07:45:17,933 [get_localhos] [DEBUG]  i-0bd443ab8ccfe4abf
2022-10-12 07:45:17,933 [get_localhos] [DEBUG]  
2022-10-12 07:45:17,933 [get_localhos] [DEBUG]  i-0bd443ab8ccfe4abf
2022-10-12 07:45:18,003 [_new_conn   ] [DEBUG]  Starting new HTTPS connection (1): ec2.us-east-1.amazonaws.com:443
2022-10-12 07:45:18,071 [_make_reques] [DEBUG]  https://ec2.us-east-1.amazonaws.com:443 "POST / HTTP/1.1" 200 431
2022-10-12 07:45:18,072 [get_localhos] [DEBUG]  {'Name': 'FIRE manager'}
2022-10-12 07:45:18,073 [__init__    ] [DEBUG]  {'autocounter_config': AutoCounterConfig(readrate=0),
 'default_plusarg_passthrough': '',
 'defaulthwconfig': 'firesim_rocket_quadcore_nic_l2_llc4mb_ddr3',
 'hostdebug_config': HostDebugConfig(zero_out_dram=False, disable_synth_asserts=False),
 'linklatency': 6405,
 'metasimulation_enabled': False,
 'metasimulation_host_simulator': 'verilator',
 'metasimulation_only_plusargs': '+fesvr-step-size=128 +dramsim '
                                 '+max-cycles=100000000',
 'metasimulation_only_vcs_plusargs': '+vcs+initreg+0 +vcs+initmem+0',
 'netbandwidth': 200,
 'no_net_num_nodes': 1,
 'profileinterval': -1,
 'run_farm_dispatcher': <runtools.run_farm.AWSEC2F1 object at 0x7fa8a34a50a0>,
 'suffixtag': None,
 'switchinglatency': 10,
 'synthprint_config': SynthPrintConfig(start=0, end=-1, cycle_prefix=True),
 'terminateoncompletion': False,
 'topology': 'example_1config',
 'tracerv_config': TracerVConfig(enable=False, select=1, start=0, end=-1, output_format=0),
 'workload_name': 'linux-uniform.json'}
2022-10-12 07:45:18,084 [__init__    ] [DEBUG]  {'config_file_name': 'config_build_recipes.yaml',
 'hwconf_dict': {'firesim_boom_singlecore_nic_l2_llc4mb_ddr3': <runtools.runtime_config.RuntimeBuildRecipeConfig object at 0x7fa8a2b25130>,
                 'firesim_boom_singlecore_no_nic_l2_llc4mb_ddr3': <runtools.runtime_config.RuntimeBuildRecipeConfig object at 0x7fa8a2b250a0>,
                 'firesim_boom_singlecore_no_nic_l2_llc4mb_ddr3_ramopts': <runtools.runtime_config.RuntimeBuildRecipeConfig object at 0x7fa8a2b25160>,
                 'firesim_cva6_singlecore_no_nic_l2_llc4mb_ddr3': <runtools.runtime_config.RuntimeBuildRecipeConfig object at 0x7fa8a2b25c40>,
                 'firesim_rocket_quadcore_nic_l2_llc4mb_ddr3': <runtools.runtime_config.RuntimeBuildRecipeConfig object at 0x7fa8a2ba97f0>,
                 'firesim_rocket_quadcore_no_nic_l2_llc4mb_ddr3': <runtools.runtime_config.RuntimeBuildRecipeConfig object at 0x7fa8a2ba9820>,
                 'firesim_rocket_singlecore_gemmini_no_nic_l2_llc4mb_ddr3': <runtools.runtime_config.RuntimeBuildRecipeConfig object at 0x7fa8a2b259d0>,
                 'firesim_rocket_singlecore_no_nic_l2_lbp': <runtools.runtime_config.RuntimeBuildRecipeConfig object at 0x7fa8a2b25c70>,
                 'firesim_rocket_singlecore_sha3_nic_l2_llc4mb_ddr3': <runtools.runtime_config.RuntimeBuildRecipeConfig object at 0x7fa8a2b251c0>,
                 'firesim_rocket_singlecore_sha3_no_nic_l2_llc4mb_ddr3': <runtools.runtime_config.RuntimeBuildRecipeConfig object at 0x7fa8a2b25970>,
                 'firesim_rocket_singlecore_sha3_no_nic_l2_llc4mb_ddr3_printf': <runtools.runtime_config.RuntimeBuildRecipeConfig object at 0x7fa8a2b25d60>,
                 'firesim_supernode_rocket_singlecore_nic_l2_lbp': <runtools.runtime_config.RuntimeBuildRecipeConfig object at 0x7fa8a2b25a30>,
                 'midasexamples_gcd': <runtools.runtime_config.RuntimeBuildRecipeConfig object at 0x7fa8a2b25ca0>},
 'simulation_mode_string': 'Metasimulation'}
2022-10-12 07:45:18,085 [get_deploytr] [DEBUG]  Setting deploytriplet by querying the AGFI's description.
2022-10-12 07:45:18,085 [get_afi_for_] [DEBUG]  agfi-0c1b4d7cf927b4df8
2022-10-12 07:45:18,085 [get_afi_for_] [DEBUG]  None
2022-10-12 07:45:18,097 [_new_conn   ] [DEBUG]  Starting new HTTPS connection (1): ec2.us-east-1.amazonaws.com:443
2022-10-12 07:45:22,306 [_make_reques] [DEBUG]  https://ec2.us-east-1.amazonaws.com:443 "POST / HTTP/1.1" 200 None
2022-10-12 07:45:22,673 [_make_reques] [DEBUG]  https://ec2.us-east-1.amazonaws.com:443 "POST / HTTP/1.1" 200 None
2022-10-12 07:45:22,673 [get_afi_for_] [DEBUG]  [{'FpgaImageId': 'afi-06bbee118b9516f71', 'FpgaImageGlobalId': 'agfi-0c1b4d7cf927b4df8', 'Name': 'firesim_rocket_quadcore_nic_l2_llc4mb_ddr3', 'Description': 'firesim-buildtriplet:FireSim-WithNIC_DDR3FRFCFSLLC4MB_WithDefaultFireSimBridges_WithFireSimHighPerfConfigTweaks_chipyard.QuadRocketConfig-WithAutoILA_F90MHz_BaseF1Config,firesim-deploytriplet:FireSim-WithNIC_DDR3FRFCFSLLC4MB_WithDefaultFireSimBridges_WithFireSimHighPerfConfigTweaks_chipyard.QuadRocketConfig-WithAutoILA_F90MHz_BaseF1Config,firesim-commit:f2818992488be1bac5501b0682ddbc4ee1057f0a-dirty', 'ShellVersion': '0x04261818', 'PciId': {'DeviceId': '0xf000', 'VendorId': '0x1d0f', 'SubsystemId': '0x1d51', 'SubsystemVendorId': '0xfedd'}, 'State': {'Code': 'available'}, 'CreateTime': datetime.datetime(2022, 8, 30, 16, 46, 20, tzinfo=tzlocal()), 'UpdateTime': datetime.datetime(2022, 8, 30, 17, 44, 58, tzinfo=tzlocal()), 'OwnerId': '764983690385', 'Tags': [], 'Public': True, 'DataRetentionSupport': False}]
2022-10-12 07:45:22,681 [_new_conn   ] [DEBUG]  Starting new HTTPS connection (1): ec2.us-east-1.amazonaws.com:443
2022-10-12 07:45:22,777 [_make_reques] [DEBUG]  https://ec2.us-east-1.amazonaws.com:443 "POST / HTTP/1.1" 200 None
2022-10-12 07:45:22,825 [decorator   ] [DEBUG]  deprecate positional args: graphviz.backend.piping.pipe(['renderer', 'formatter', 'quiet'])
2022-10-12 07:45:22,825 [decorator   ] [DEBUG]  deprecate positional args: graphviz.backend.rendering.render(['renderer', 'formatter', 'quiet'])
2022-10-12 07:45:22,826 [decorator   ] [DEBUG]  deprecate positional args: graphviz.backend.unflattening.unflatten(['stagger', 'fanout', 'chain', 'encoding'])
2022-10-12 07:45:22,826 [decorator   ] [DEBUG]  deprecate positional args: graphviz.backend.viewing.view(['quiet'])
2022-10-12 07:45:22,828 [decorator   ] [DEBUG]  deprecate positional args: graphviz.quoting.quote(['is_html_string', 'is_valid_id', 'dot_keywords', 'escape_unescaped_quotes'])
2022-10-12 07:45:22,828 [decorator   ] [DEBUG]  deprecate positional args: graphviz.quoting.a_list(['kwargs', 'attributes'])
2022-10-12 07:45:22,828 [decorator   ] [DEBUG]  deprecate positional args: graphviz.quoting.attr_list(['kwargs', 'attributes'])
2022-10-12 07:45:22,828 [decorator   ] [DEBUG]  deprecate positional args: graphviz.dot.Dot.clear(['keep_attrs'])
2022-10-12 07:45:22,828 [decorator   ] [DEBUG]  deprecate positional args: graphviz.dot.Dot.__iter__(['subgraph'])
2022-10-12 07:45:22,828 [decorator   ] [DEBUG]  deprecate positional args: graphviz.dot.Dot.node(['_attributes'])
2022-10-12 07:45:22,828 [decorator   ] [DEBUG]  deprecate positional args: graphviz.dot.Dot.edge(['_attributes'])
2022-10-12 07:45:22,828 [decorator   ] [DEBUG]  deprecate positional args: graphviz.dot.Dot.attr(['_attributes'])
2022-10-12 07:45:22,828 [decorator   ] [DEBUG]  deprecate positional args: graphviz.dot.Dot.subgraph(['name', 'comment', 'graph_attr', 'node_attr', 'edge_attr', 'body'])
2022-10-12 07:45:22,829 [decorator   ] [DEBUG]  deprecate positional args: graphviz.piping.Pipe._pipe_legacy(['renderer', 'formatter', 'quiet'])
2022-10-12 07:45:22,829 [decorator   ] [DEBUG]  deprecate positional args: graphviz.saving.Save.save(['directory'])
2022-10-12 07:45:22,829 [decorator   ] [DEBUG]  deprecate positional args: graphviz.rendering.Render.render(['directory', 'view', 'cleanup', 'format', 'renderer', 'formatter', 'quiet', 'quiet_view'])
2022-10-12 07:45:22,829 [decorator   ] [DEBUG]  deprecate positional args: graphviz.rendering.Render.view(['directory', 'cleanup', 'quiet', 'quiet_view'])
2022-10-12 07:45:22,830 [decorator   ] [DEBUG]  deprecate positional args: graphviz.unflattening.Unflatten.unflatten(['stagger', 'fanout', 'chain'])
2022-10-12 07:45:22,830 [decorator   ] [DEBUG]  deprecate positional args: graphviz.graphs.BaseGraph.__init__(['comment', 'filename', 'directory', 'format', 'engine', 'encoding', 'graph_attr', 'node_attr', 'edge_attr', 'body', 'strict'])
2022-10-12 07:45:22,830 [decorator   ] [DEBUG]  deprecate positional args: graphviz.sources.Source.from_file(['directory', 'format', 'engine', 'encoding', 'renderer', 'formatter'])
2022-10-12 07:45:22,830 [decorator   ] [DEBUG]  deprecate positional args: graphviz.sources.Source.__init__(['filename', 'directory', 'format', 'engine', 'encoding'])
2022-10-12 07:45:22,830 [decorator   ] [DEBUG]  deprecate positional args: graphviz.sources.Source.save(['directory'])
2022-10-12 07:45:22,831 [mkdirs      ] [DEBUG]  os.makedirs('generated-topology-diagrams')
2022-10-12 07:45:22,831 [save        ] [DEBUG]  write lines to 'generated-topology-diagrams/firesim_topologyexample_1config.gv'
2022-10-12 07:45:22,831 [run_check   ] [DEBUG]  run [PosixPath('dot'), '-Kdot', '-Tpdf', '-O', 'firesim_topologyexample_1config.gv']
2022-10-12 07:45:22,867 [_new_conn   ] [DEBUG]  Starting new HTTPS connection (1): ec2.us-east-1.amazonaws.com:443
2022-10-12 07:45:22,988 [_make_reques] [DEBUG]  https://ec2.us-east-1.amazonaws.com:443 "POST / HTTP/1.1" 200 230
2022-10-12 07:45:22,999 [_new_conn   ] [DEBUG]  Starting new HTTPS connection (1): ec2.us-east-1.amazonaws.com:443
2022-10-12 07:45:23,059 [_make_reques] [DEBUG]  https://ec2.us-east-1.amazonaws.com:443 "POST / HTTP/1.1" 200 8169
2022-10-12 07:45:23,071 [_new_conn   ] [DEBUG]  Starting new HTTPS connection (1): ec2.us-east-1.amazonaws.com:443
2022-10-12 07:45:23,138 [_make_reques] [DEBUG]  https://ec2.us-east-1.amazonaws.com:443 "POST / HTTP/1.1" 200 230
2022-10-12 07:45:23,148 [_new_conn   ] [DEBUG]  Starting new HTTPS connection (1): ec2.us-east-1.amazonaws.com:443
2022-10-12 07:45:23,207 [_make_reques] [DEBUG]  https://ec2.us-east-1.amazonaws.com:443 "POST / HTTP/1.1" 200 230
2022-10-12 07:45:23,216 [_new_conn   ] [DEBUG]  Starting new HTTPS connection (1): ec2.us-east-1.amazonaws.com:443
2022-10-12 07:45:23,273 [_make_reques] [DEBUG]  https://ec2.us-east-1.amazonaws.com:443 "POST / HTTP/1.1" 200 230
2022-10-12 07:45:23,283 [_new_conn   ] [DEBUG]  Starting new HTTPS connection (1): ec2.us-east-1.amazonaws.com:443
2022-10-12 07:45:23,337 [_make_reques] [DEBUG]  https://ec2.us-east-1.amazonaws.com:443 "POST / HTTP/1.1" 200 230
2022-10-12 07:45:23,347 [_new_conn   ] [DEBUG]  Starting new HTTPS connection (1): ec2.us-east-1.amazonaws.com:443
2022-10-12 07:45:23,401 [_make_reques] [DEBUG]  https://ec2.us-east-1.amazonaws.com:443 "POST / HTTP/1.1" 200 230
2022-10-12 07:45:23,403 [bind_real_in] [DEBUG]  Using f1.16xlarge instances with IPs:
[]
2022-10-12 07:45:23,403 [bind_real_in] [DEBUG]  Using f1.2xlarge instances with IPs:
['192.168.1.16']
2022-10-12 07:45:23,403 [bind_real_in] [DEBUG]  Using f1.4xlarge instances with IPs:
[]
2022-10-12 07:45:23,403 [bind_real_in] [DEBUG]  Using m4.16xlarge instances with IPs:
[]
2022-10-12 07:45:23,403 [bind_real_in] [DEBUG]  Using z1d.12xlarge instances with IPs:
[]
2022-10-12 07:45:23,403 [bind_real_in] [DEBUG]  Using z1d.3xlarge instances with IPs:
[]
2022-10-12 07:45:23,403 [bind_real_in] [DEBUG]  Using z1d.6xlarge instances with IPs:
[]
2022-10-12 07:45:23,403 [build_sim_dr] [INFO ]  Building FPGA software driver for FireSim-WithNIC_DDR3FRFCFSLLC4MB_WithDefaultFireSimBridges_WithFireSimHighPerfConfigTweaks_chipyard.QuadRocketConfig-WithAutoILA_F90MHz_BaseF1Config
2022-10-12 07:45:23,404 [flush       ] [DEBUG]  [localhost] local: mkdir -p ../sim/output//f1/FireSim-WithNIC_DDR3FRFCFSLLC4MB_WithDefaultFireSimBridges_WithFireSimHighPerfConfigTweaks_chipyard.QuadRocketConfig-WithAutoILA_F90MHz_BaseF1Config/
2022-10-12 07:45:23,419 [flush       ] [DEBUG]  [localhost] local: make DESIGN=FireSim TARGET_CONFIG=WithNIC_DDR3FRFCFSLLC4MB_WithDefaultFireSimBridges_WithFireSimHighPerfConfigTweaks_chipyard.QuadRocketConfig PLATFORM_CONFIG=WithAutoILA_F90MHz_BaseF1Config PLATFORM=f1 f1 2>&1 | tee ../sim/output//f1/FireSim-WithNIC_DDR3FRFCFSLLC4MB_WithDefaultFireSimBridges_WithFireSimHighPerfConfigTweaks_chipyard.QuadRocketConfig-WithAutoILA_F90MHz_BaseF1Config/firesim-manager-make-f1-temp-output-log
2022-10-12 07:45:52,520 [flush       ] [INFO ]  Warning: local() encountered an error (return code 2) while executing 'make DESIGN=FireSim TARGET_CONFIG=WithNIC_DDR3FRFCFSLLC4MB_WithDefaultFireSimBridges_WithFireSimHighPerfConfigTweaks_chipyard.QuadRocketConfig PLATFORM_CONFIG=WithAutoILA_F90MHz_BaseF1Config PLATFORM=f1 f1 2>&1 | tee ../sim/output//f1/FireSim-WithNIC_DDR3FRFCFSLLC4MB_WithDefaultFireSimBridges_WithFireSimHighPerfConfigTweaks_chipyard.QuadRocketConfig-WithAutoILA_F90MHz_BaseF1Config/firesim-manager-make-f1-temp-output-log'
2022-10-12 07:45:52,520 [flush       ] [DEBUG]  [localhost] local: cat ../sim/output//f1/FireSim-WithNIC_DDR3FRFCFSLLC4MB_WithDefaultFireSimBridges_WithFireSimHighPerfConfigTweaks_chipyard.QuadRocketConfig-WithAutoILA_F90MHz_BaseF1Config/firesim-manager-make-f1-temp-output-log
2022-10-12 07:45:52,536 [build_sim_dr] [DEBUG]  [localhost] ERROR: build-setup.sh did not execute correctly or was terminated prematurely.
Please review build-setup-log for more information.
success: firesim.pem available in ssh-agent
mkdir -p /home/centos/firesim/sim/output/f1/FireSim-WithNIC_DDR3FRFCFSLLC4MB_WithDefaultFireSimBridges_WithFireSimHighPerfConfigTweaks_chipyard.QuadRocketConfig-WithAutoILA_F90MHz_BaseF1Config/build
cp /home/centos/firesim/sim/generated-src/f1/FireSim-WithNIC_DDR3FRFCFSLLC4MB_WithDefaultFireSimBridges_WithFireSimHighPerfConfigTweaks_chipyard.QuadRocketConfig-WithAutoILA_F90MHz_BaseF1Config/FireSim-generated.const.h /home/centos/firesim/sim/output/f1/FireSim-WithNIC_DDR3FRFCFSLLC4MB_WithDefaultFireSimBridges_WithFireSimHighPerfConfigTweaks_chipyard.QuadRocketConfig-WithAutoILA_F90MHz_BaseF1Config/build/
make -C /home/centos/firesim/sim/midas/src/main/cc f1 PLATFORM=f1 DRIVER_NAME=FireSim GEN_FILE_BASENAME=FireSim-generated \
GEN_DIR=/home/centos/firesim/sim/output/f1/FireSim-WithNIC_DDR3FRFCFSLLC4MB_WithDefaultFireSimBridges_WithFireSimHighPerfConfigTweaks_chipyard.QuadRocketConfig-WithAutoILA_F90MHz_BaseF1Config/build OUT_DIR=/home/centos/firesim/sim/output/f1/FireSim-WithNIC_DDR3FRFCFSLLC4MB_WithDefaultFireSimBridges_WithFireSimHighPerfConfigTweaks_chipyard.QuadRocketConfig-WithAutoILA_F90MHz_BaseF1Config DRIVER="/home/centos/firesim/sim/src/main/cc/firesim/firesim_top.cc /home/centos/firesim/sim/src/main/cc/firesim/systematic_scheduler.cc /home/centos/firesim/sim/src/main/cc/firesim/firesim_f1.cc /home/centos/firesim/sim/firesim-lib/src/main/cc/bridges/uart.cc /home/centos/firesim/sim/firesim-lib/src/main/cc/bridges/groundtest.cc /home/centos/firesim/sim/firesim-lib/src/main/cc/bridges/dromajo.cc /home/centos/firesim/sim/firesim-lib/src/main/cc/bridges/blockdev.cc /home/centos/firesim/sim/firesim-lib/src/main/cc/bridges/serial.cc /home/centos/firesim/sim/firesim-lib/src/main/cc/bridges/simplenic.cc /home/centos/firesim/sim/firesim-lib/src/main/cc/bridges/tracerv.cc /home/centos/firesim/sim/firesim-lib/src/main/cc/fesvr/firesim_tsi.cc /home/centos/firesim/sim/firesim-lib/src/main/cc/bridges/tracerv/tracerv_dwarf.cc /home/centos/firesim/sim/firesim-lib/src/main/cc/bridges/tracerv/tracerv_elf.cc /home/centos/firesim/sim/firesim-lib/src/main/cc/bridges/tracerv/tracerv_processing.cc /home/centos/firesim/sim/firesim-lib/src/main/cc/bridges/tracerv/trace_tracker.cc /home/centos/firesim/target-design/chipyard/riscv-tools-install/lib/libfesvr.a /home/centos/firesim/target-design/chipyard/generators/testchipip/src/main/resources/testchipip/csrc/testchip_tsi.cc" \
TOP_DIR=/home/centos/firesim/target-design/chipyard
make[1]: Entering directory '/home/centos/firesim/sim/midas/src/main/cc'
mkdir -p /home/centos/firesim/sim/output/f1/FireSim-WithNIC_DDR3FRFCFSLLC4MB_WithDefaultFireSimBridges_WithFireSimHighPerfConfigTweaks_chipyard.QuadRocketConfig-WithAutoILA_F90MHz_BaseF1Config/build/
g++  -D__STDC_FORMAT_MACROS -g -I/home/centos/firesim/target-design/chipyard/generators/testchipip/src/main/resources/testchipip/csrc -I/home/centos/firesim/sim/firesim-lib/src/main/cc -I/opt/conda/envs/firesim/include -I/home/centos/firesim/sim/src/main/cc/firesim -I/home/centos/firesim/target-design/chipyard/riscv-tools-install/include -I/home/centos/firesim/sim/generated-src/f1/FireSim-WithNIC_DDR3FRFCFSLLC4MB_WithDefaultFireSimBridges_WithFireSimHighPerfConfigTweaks_chipyard.QuadRocketConfig-WithAutoILA_F90MHz_BaseF1Config -Wno-unused-variable -O2 -I/home/centos/firesim/platforms/f1/aws-fpga/sdk/userspace/include -Wall -I/home/centos/firesim/sim/midas/src/main/cc -std=c++17 -include /home/centos/firesim/sim/output/f1/FireSim-WithNIC_DDR3FRFCFSLLC4MB_WithDefaultFireSimBridges_WithFireSimHighPerfConfigTweaks_chipyard.QuadRocketConfig-WithAutoILA_F90MHz_BaseF1Config/build/FireSim-generated.const.h -c -o /home/centos/firesim/sim/output/f1/FireSim-WithNIC_DDR3FRFCFSLLC4MB_WithDefaultFireSimBridges_WithFireSimHighPerfConfigTweaks_chipyard.QuadRocketConfig-WithAutoILA_F90MHz_BaseF1Config/build/simif.o /home/centos/firesim/sim/midas/src/main/cc/simif.cc -include /home/centos/firesim/sim/output/f1/FireSim-WithNIC_DDR3FRFCFSLLC4MB_WithDefaultFireSimBridges_WithFireSimHighPerfConfigTweaks_chipyard.QuadRocketConfig-WithAutoILA_F90MHz_BaseF1Config/build/FireSim-generated.const.h
In file included from /opt/conda/envs/firesim/x86_64-conda-linux-gnu/include/c++/10.4.0/cassert:44,
                 from /home/centos/firesim/sim/midas/src/main/cc/simif.h:6,
                 from /home/centos/firesim/sim/midas/src/main/cc/simif.cc:3:
/home/centos/firesim/sim/midas/src/main/cc/simif.cc: In member function 'void simif_t::print_simulation_performance_summary()':
/home/centos/firesim/sim/midas/src/main/cc/simif.cc:159:23: warning: comparison of integer expressions of different signedness: 'uint64_t' {aka 'long unsigned int'} and 'int' [-Wsign-compare]
  159 |   assert(start_hcycle != -1);
      |          ~~~~~~~~~~~~~^~~~~
mkdir -p /home/centos/firesim/sim/output/f1/FireSim-WithNIC_DDR3FRFCFSLLC4MB_WithDefaultFireSimBridges_WithFireSimHighPerfConfigTweaks_chipyard.QuadRocketConfig-WithAutoILA_F90MHz_BaseF1Config/build/
g++  -D__STDC_FORMAT_MACROS -g -I/home/centos/firesim/target-design/chipyard/generators/testchipip/src/main/resources/testchipip/csrc -I/home/centos/firesim/sim/firesim-lib/src/main/cc -I/opt/conda/envs/firesim/include -I/home/centos/firesim/sim/src/main/cc/firesim -I/home/centos/firesim/target-design/chipyard/riscv-tools-install/include -I/home/centos/firesim/sim/generated-src/f1/FireSim-WithNIC_DDR3FRFCFSLLC4MB_WithDefaultFireSimBridges_WithFireSimHighPerfConfigTweaks_chipyard.QuadRocketConfig-WithAutoILA_F90MHz_BaseF1Config -Wno-unused-variable -O2 -I/home/centos/firesim/platforms/f1/aws-fpga/sdk/userspace/include -Wall -I/home/centos/firesim/sim/midas/src/main/cc -std=c++17 -include /home/centos/firesim/sim/output/f1/FireSim-WithNIC_DDR3FRFCFSLLC4MB_WithDefaultFireSimBridges_WithFireSimHighPerfConfigTweaks_chipyard.QuadRocketConfig-WithAutoILA_F90MHz_BaseF1Config/build/FireSim-generated.const.h -c -o /home/centos/firesim/sim/output/f1/FireSim-WithNIC_DDR3FRFCFSLLC4MB_WithDefaultFireSimBridges_WithFireSimHighPerfConfigTweaks_chipyard.QuadRocketConfig-WithAutoILA_F90MHz_BaseF1Config/build/simif_f1.o /home/centos/firesim/sim/midas/src/main/cc/simif_f1.cc -include /home/centos/firesim/sim/output/f1/FireSim-WithNIC_DDR3FRFCFSLLC4MB_WithDefaultFireSimBridges_WithFireSimHighPerfConfigTweaks_chipyard.QuadRocketConfig-WithAutoILA_F90MHz_BaseF1Config/build/FireSim-generated.const.h
/home/centos/firesim/sim/midas/src/main/cc/simif_f1.cc: In constructor 'simif_f1_t::simif_f1_t(int, char**)':
/home/centos/firesim/sim/midas/src/main/cc/simif_f1.cc:38:21: warning: comparison of integer expressions of different signedness: 'int' and 'const uint32_t' {aka 'const unsigned int'} [-Wsign-compare]
   38 |   for (int i = 0; i < CPUMANAGEDSTREAMENGINE_0_from_cpu_stream_count; i++) {
      |                   ~~^~~~~~~~~~~~~~~~~~~~~~~~~~~~~~~~~~~~~~~~~~~~~~~~
/home/centos/firesim/sim/midas/src/main/cc/simif_f1.cc:49:21: warning: comparison of integer expressions of different signedness: 'int' and 'const uint32_t' {aka 'const unsigned int'} [-Wsign-compare]
   49 |   for (int i = 0; i < CPUMANAGEDSTREAMENGINE_0_to_cpu_stream_count; i++) {
      |                   ~~^~~~~~~~~~~~~~~~~~~~~~~~~~~~~~~~~~~~~~~~~~~~~~
/home/centos/firesim/sim/midas/src/main/cc/simif_f1.cc: In member function 'void simif_f1_t::check_rc(int, char*)':
/home/centos/firesim/sim/midas/src/main/cc/simif_f1.cc:85:21: warning: too many arguments for format [-Wformat-extra-args]
   85 |     fprintf(stderr, "INVALID RETCODE: %d\n", rc, infostr);
      |                     ^~~~~~~~~~~~~~~~~~~~~~~
/home/centos/firesim/sim/midas/src/main/cc/simif_f1.cc: In member function 'void simif_f1_t::fpga_setup(int)':
/home/centos/firesim/sim/midas/src/main/cc/simif_f1.cc:116:16: warning: ISO C++ forbids converting a string constant to 'char*' [-Wwrite-strings]
  116 |   check_rc(rc, "fpga_mgmt_init FAILED");
      |                ^~~~~~~~~~~~~~~~~~~~~~~
/home/centos/firesim/sim/midas/src/main/cc/simif_f1.cc:124:12: warning: ISO C++ forbids converting a string constant to 'char*' [-Wwrite-strings]
  124 |            "Unable to get AFI information from slot. Are you running as root?");
      |            ^~~~~~~~~~~~~~~~~~~~~~~~~~~~~~~~~~~~~~~~~~~~~~~~~~~~~~~~~~~~~~~~~~~
/home/centos/firesim/sim/midas/src/main/cc/simif_f1.cc:129:18: warning: ISO C++ forbids converting a string constant to 'char*' [-Wwrite-strings]
  129 |     check_rc(rc, "AFI in Slot is not in READY state !");
      |                  ^~~~~~~~~~~~~~~~~~~~~~~~~~~~~~~~~~~~~
/home/centos/firesim/sim/midas/src/main/cc/simif_f1.cc:151:18: warning: ISO C++ forbids converting a string constant to 'char*' [-Wwrite-strings]
  151 |     check_rc(rc, "Unable to update PF for slot");
      |                  ^~~~~~~~~~~~~~~~~~~~~~~~~~~~~~
/home/centos/firesim/sim/midas/src/main/cc/simif_f1.cc:155:18: warning: ISO C++ forbids converting a string constant to 'char*' [-Wwrite-strings]
  155 |     check_rc(rc, "Unable to get AFI information from slot");
      |                  ^~~~~~~~~~~~~~~~~~~~~~~~~~~~~~~~~~~~~~~~~
/home/centos/firesim/sim/midas/src/main/cc/simif_f1.cc:172:16: warning: ISO C++ forbids converting a string constant to 'char*' [-Wwrite-strings]
  172 |                "The PCI vendor id and device of the loaded AFI are not "
      |                ^~~~~~~~~~~~~~~~~~~~~~~~~~~~~~~~~~~~~~~~~~~~~~~~~~~~~~~~~
  173 |                "the expected values.");
      |                ~~~~~~~~~~~~~~~~~~~~~~
/home/centos/firesim/sim/midas/src/main/cc/simif_f1.cc:180:16: warning: ISO C++ forbids converting a string constant to 'char*' [-Wwrite-strings]
  180 |   check_rc(rc, "fpga_pci_attach FAILED");
      |                ^~~~~~~~~~~~~~~~~~~~~~~~
g++  -D__STDC_FORMAT_MACROS -g -I/home/centos/firesim/target-design/chipyard/generators/testchipip/src/main/resources/testchipip/csrc -I/home/centos/firesim/sim/firesim-lib/src/main/cc -I/opt/conda/envs/firesim/include -I/home/centos/firesim/sim/src/main/cc/firesim -I/home/centos/firesim/target-design/chipyard/riscv-tools-install/include -I/home/centos/firesim/sim/generated-src/f1/FireSim-WithNIC_DDR3FRFCFSLLC4MB_WithDefaultFireSimBridges_WithFireSimHighPerfConfigTweaks_chipyard.QuadRocketConfig-WithAutoILA_F90MHz_BaseF1Config -Wno-unused-variable -O2 -I/home/centos/firesim/platforms/f1/aws-fpga/sdk/userspace/include -Wall -I/home/centos/firesim/sim/midas/src/main/cc -std=c++17 -include /home/centos/firesim/sim/output/f1/FireSim-WithNIC_DDR3FRFCFSLLC4MB_WithDefaultFireSimBridges_WithFireSimHighPerfConfigTweaks_chipyard.QuadRocketConfig-WithAutoILA_F90MHz_BaseF1Config/build/FireSim-generated.const.h -c -o /home/centos/firesim/sim/output/f1/FireSim-WithNIC_DDR3FRFCFSLLC4MB_WithDefaultFireSimBridges_WithFireSimHighPerfConfigTweaks_chipyard.QuadRocketConfig-WithAutoILA_F90MHz_BaseF1Config/build/termination.o /home/centos/firesim/sim/midas/src/main/cc/bridges/termination.cc -include /home/centos/firesim/sim/output/f1/FireSim-WithNIC_DDR3FRFCFSLLC4MB_WithDefaultFireSimBridges_WithFireSimHighPerfConfigTweaks_chipyard.QuadRocketConfig-WithAutoILA_F90MHz_BaseF1Config/build/FireSim-generated.const.h
g++  -D__STDC_FORMAT_MACROS -g -I/home/centos/firesim/target-design/chipyard/generators/testchipip/src/main/resources/testchipip/csrc -I/home/centos/firesim/sim/firesim-lib/src/main/cc -I/opt/conda/envs/firesim/include -I/home/centos/firesim/sim/src/main/cc/firesim -I/home/centos/firesim/target-design/chipyard/riscv-tools-install/include -I/home/centos/firesim/sim/generated-src/f1/FireSim-WithNIC_DDR3FRFCFSLLC4MB_WithDefaultFireSimBridges_WithFireSimHighPerfConfigTweaks_chipyard.QuadRocketConfig-WithAutoILA_F90MHz_BaseF1Config -Wno-unused-variable -O2 -I/home/centos/firesim/platforms/f1/aws-fpga/sdk/userspace/include -Wall -I/home/centos/firesim/sim/midas/src/main/cc -std=c++17 -include /home/centos/firesim/sim/output/f1/FireSim-WithNIC_DDR3FRFCFSLLC4MB_WithDefaultFireSimBridges_WithFireSimHighPerfConfigTweaks_chipyard.QuadRocketConfig-WithAutoILA_F90MHz_BaseF1Config/build/FireSim-generated.const.h -c -o /home/centos/firesim/sim/output/f1/FireSim-WithNIC_DDR3FRFCFSLLC4MB_WithDefaultFireSimBridges_WithFireSimHighPerfConfigTweaks_chipyard.QuadRocketConfig-WithAutoILA_F90MHz_BaseF1Config/build/synthesized_assertions.o /home/centos/firesim/sim/midas/src/main/cc/bridges/synthesized_assertions.cc -include /home/centos/firesim/sim/output/f1/FireSim-WithNIC_DDR3FRFCFSLLC4MB_WithDefaultFireSimBridges_WithFireSimHighPerfConfigTweaks_chipyard.QuadRocketConfig-WithAutoILA_F90MHz_BaseF1Config/build/FireSim-generated.const.h
g++  -D__STDC_FORMAT_MACROS -g -I/home/centos/firesim/target-design/chipyard/generators/testchipip/src/main/resources/testchipip/csrc -I/home/centos/firesim/sim/firesim-lib/src/main/cc -I/opt/conda/envs/firesim/include -I/home/centos/firesim/sim/src/main/cc/firesim -I/home/centos/firesim/target-design/chipyard/riscv-tools-install/include -I/home/centos/firesim/sim/generated-src/f1/FireSim-WithNIC_DDR3FRFCFSLLC4MB_WithDefaultFireSimBridges_WithFireSimHighPerfConfigTweaks_chipyard.QuadRocketConfig-WithAutoILA_F90MHz_BaseF1Config -Wno-unused-variable -O2 -I/home/centos/firesim/platforms/f1/aws-fpga/sdk/userspace/include -Wall -I/home/centos/firesim/sim/midas/src/main/cc -std=c++17 -include /home/centos/firesim/sim/output/f1/FireSim-WithNIC_DDR3FRFCFSLLC4MB_WithDefaultFireSimBridges_WithFireSimHighPerfConfigTweaks_chipyard.QuadRocketConfig-WithAutoILA_F90MHz_BaseF1Config/build/FireSim-generated.const.h -c -o /home/centos/firesim/sim/output/f1/FireSim-WithNIC_DDR3FRFCFSLLC4MB_WithDefaultFireSimBridges_WithFireSimHighPerfConfigTweaks_chipyard.QuadRocketConfig-WithAutoILA_F90MHz_BaseF1Config/build/synthesized_prints.o /home/centos/firesim/sim/midas/src/main/cc/bridges/synthesized_prints.cc -include /home/centos/firesim/sim/output/f1/FireSim-WithNIC_DDR3FRFCFSLLC4MB_WithDefaultFireSimBridges_WithFireSimHighPerfConfigTweaks_chipyard.QuadRocketConfig-WithAutoILA_F90MHz_BaseF1Config/build/FireSim-generated.const.h
g++  -D__STDC_FORMAT_MACROS -g -I/home/centos/firesim/target-design/chipyard/generators/testchipip/src/main/resources/testchipip/csrc -I/home/centos/firesim/sim/firesim-lib/src/main/cc -I/opt/conda/envs/firesim/include -I/home/centos/firesim/sim/src/main/cc/firesim -I/home/centos/firesim/target-design/chipyard/riscv-tools-install/include -I/home/centos/firesim/sim/generated-src/f1/FireSim-WithNIC_DDR3FRFCFSLLC4MB_WithDefaultFireSimBridges_WithFireSimHighPerfConfigTweaks_chipyard.QuadRocketConfig-WithAutoILA_F90MHz_BaseF1Config -Wno-unused-variable -O2 -I/home/centos/firesim/platforms/f1/aws-fpga/sdk/userspace/include -Wall -I/home/centos/firesim/sim/midas/src/main/cc -std=c++17 -include /home/centos/firesim/sim/output/f1/FireSim-WithNIC_DDR3FRFCFSLLC4MB_WithDefaultFireSimBridges_WithFireSimHighPerfConfigTweaks_chipyard.QuadRocketConfig-WithAutoILA_F90MHz_BaseF1Config/build/FireSim-generated.const.h -c -o /home/centos/firesim/sim/output/f1/FireSim-WithNIC_DDR3FRFCFSLLC4MB_WithDefaultFireSimBridges_WithFireSimHighPerfConfigTweaks_chipyard.QuadRocketConfig-WithAutoILA_F90MHz_BaseF1Config/build/heartbeat.o /home/centos/firesim/sim/midas/src/main/cc/bridges/heartbeat.cc -include /home/centos/firesim/sim/output/f1/FireSim-WithNIC_DDR3FRFCFSLLC4MB_WithDefaultFireSimBridges_WithFireSimHighPerfConfigTweaks_chipyard.QuadRocketConfig-WithAutoILA_F90MHz_BaseF1Config/build/FireSim-generated.const.h
g++  -D__STDC_FORMAT_MACROS -g -I/home/centos/firesim/target-design/chipyard/generators/testchipip/src/main/resources/testchipip/csrc -I/home/centos/firesim/sim/firesim-lib/src/main/cc -I/opt/conda/envs/firesim/include -I/home/centos/firesim/sim/src/main/cc/firesim -I/home/centos/firesim/target-design/chipyard/riscv-tools-install/include -I/home/centos/firesim/sim/generated-src/f1/FireSim-WithNIC_DDR3FRFCFSLLC4MB_WithDefaultFireSimBridges_WithFireSimHighPerfConfigTweaks_chipyard.QuadRocketConfig-WithAutoILA_F90MHz_BaseF1Config -Wno-unused-variable -O2 -I/home/centos/firesim/platforms/f1/aws-fpga/sdk/userspace/include -Wall -I/home/centos/firesim/sim/midas/src/main/cc -std=c++17 -include /home/centos/firesim/sim/output/f1/FireSim-WithNIC_DDR3FRFCFSLLC4MB_WithDefaultFireSimBridges_WithFireSimHighPerfConfigTweaks_chipyard.QuadRocketConfig-WithAutoILA_F90MHz_BaseF1Config/build/FireSim-generated.const.h -c -o /home/centos/firesim/sim/output/f1/FireSim-WithNIC_DDR3FRFCFSLLC4MB_WithDefaultFireSimBridges_WithFireSimHighPerfConfigTweaks_chipyard.QuadRocketConfig-WithAutoILA_F90MHz_BaseF1Config/build/cpu_managed_stream.o /home/centos/firesim/sim/midas/src/main/cc/bridges/cpu_managed_stream.cc -include /home/centos/firesim/sim/output/f1/FireSim-WithNIC_DDR3FRFCFSLLC4MB_WithDefaultFireSimBridges_WithFireSimHighPerfConfigTweaks_chipyard.QuadRocketConfig-WithAutoILA_F90MHz_BaseF1Config/build/FireSim-generated.const.h
In file included from /home/centos/firesim/sim/midas/src/main/cc/bridges/cpu_managed_stream.cc:3:
/home/centos/firesim/sim/midas/src/main/cc/bridges/cpu_managed_stream.cc: In member function 'size_t StreamFromCPU::push(void*, size_t, size_t)':
/home/centos/firesim/sim/midas/src/main/cc/bridges/cpu_managed_stream.cc:27:26: warning: comparison of integer expressions of different signedness: 'long unsigned int' and 'int' [-Wsign-compare]
   27 |   assert(threshold_beats <= this->fpga_buffer_size());
      |          ~~~~~~~~~~~~~~~~^~~~~~~~~~~~~~~~~~~~~~~~~~~
/home/centos/firesim/sim/midas/src/main/cc/bridges/cpu_managed_stream.cc: In member function 'size_t StreamToCPU::pull(void*, size_t, size_t)':
/home/centos/firesim/sim/midas/src/main/cc/bridges/cpu_managed_stream.cc:72:26: warning: comparison of integer expressions of different signedness: 'long unsigned int' and 'int' [-Wsign-compare]
   72 |   assert(threshold_beats <= this->fpga_buffer_size());
      |          ~~~~~~~~~~~~~~~~^~~~~~~~~~~~~~~~~~~~~~~~~~~
g++  -D__STDC_FORMAT_MACROS -g -I/home/centos/firesim/target-design/chipyard/generators/testchipip/src/main/resources/testchipip/csrc -I/home/centos/firesim/sim/firesim-lib/src/main/cc -I/opt/conda/envs/firesim/include -I/home/centos/firesim/sim/src/main/cc/firesim -I/home/centos/firesim/target-design/chipyard/riscv-tools-install/include -I/home/centos/firesim/sim/generated-src/f1/FireSim-WithNIC_DDR3FRFCFSLLC4MB_WithDefaultFireSimBridges_WithFireSimHighPerfConfigTweaks_chipyard.QuadRocketConfig-WithAutoILA_F90MHz_BaseF1Config -Wno-unused-variable -O2 -I/home/centos/firesim/platforms/f1/aws-fpga/sdk/userspace/include -Wall -I/home/centos/firesim/sim/midas/src/main/cc -std=c++17 -include /home/centos/firesim/sim/output/f1/FireSim-WithNIC_DDR3FRFCFSLLC4MB_WithDefaultFireSimBridges_WithFireSimHighPerfConfigTweaks_chipyard.QuadRocketConfig-WithAutoILA_F90MHz_BaseF1Config/build/FireSim-generated.const.h -c -o /home/centos/firesim/sim/output/f1/FireSim-WithNIC_DDR3FRFCFSLLC4MB_WithDefaultFireSimBridges_WithFireSimHighPerfConfigTweaks_chipyard.QuadRocketConfig-WithAutoILA_F90MHz_BaseF1Config/build/fased_memory_timing_model.o /home/centos/firesim/sim/midas/src/main/cc/bridges/fased_memory_timing_model.cc -include /home/centos/firesim/sim/output/f1/FireSim-WithNIC_DDR3FRFCFSLLC4MB_WithDefaultFireSimBridges_WithFireSimHighPerfConfigTweaks_chipyard.QuadRocketConfig-WithAutoILA_F90MHz_BaseF1Config/build/FireSim-generated.const.h
g++  -D__STDC_FORMAT_MACROS -g -I/home/centos/firesim/target-design/chipyard/generators/testchipip/src/main/resources/testchipip/csrc -I/home/centos/firesim/sim/firesim-lib/src/main/cc -I/opt/conda/envs/firesim/include -I/home/centos/firesim/sim/src/main/cc/firesim -I/home/centos/firesim/target-design/chipyard/riscv-tools-install/include -I/home/centos/firesim/sim/generated-src/f1/FireSim-WithNIC_DDR3FRFCFSLLC4MB_WithDefaultFireSimBridges_WithFireSimHighPerfConfigTweaks_chipyard.QuadRocketConfig-WithAutoILA_F90MHz_BaseF1Config -Wno-unused-variable -O2 -I/home/centos/firesim/platforms/f1/aws-fpga/sdk/userspace/include -Wall -I/home/centos/firesim/sim/midas/src/main/cc -std=c++17 -include /home/centos/firesim/sim/output/f1/FireSim-WithNIC_DDR3FRFCFSLLC4MB_WithDefaultFireSimBridges_WithFireSimHighPerfConfigTweaks_chipyard.QuadRocketConfig-WithAutoILA_F90MHz_BaseF1Config/build/FireSim-generated.const.h -c -o /home/centos/firesim/sim/output/f1/FireSim-WithNIC_DDR3FRFCFSLLC4MB_WithDefaultFireSimBridges_WithFireSimHighPerfConfigTweaks_chipyard.QuadRocketConfig-WithAutoILA_F90MHz_BaseF1Config/build/autocounter.o /home/centos/firesim/sim/midas/src/main/cc/bridges/autocounter.cc -include /home/centos/firesim/sim/output/f1/FireSim-WithNIC_DDR3FRFCFSLLC4MB_WithDefaultFireSimBridges_WithFireSimHighPerfConfigTweaks_chipyard.QuadRocketConfig-WithAutoILA_F90MHz_BaseF1Config/build/FireSim-generated.const.h
g++  -D__STDC_FORMAT_MACROS -g -I/home/centos/firesim/target-design/chipyard/generators/testchipip/src/main/resources/testchipip/csrc -I/home/centos/firesim/sim/firesim-lib/src/main/cc -I/opt/conda/envs/firesim/include -I/home/centos/firesim/sim/src/main/cc/firesim -I/home/centos/firesim/target-design/chipyard/riscv-tools-install/include -I/home/centos/firesim/sim/generated-src/f1/FireSim-WithNIC_DDR3FRFCFSLLC4MB_WithDefaultFireSimBridges_WithFireSimHighPerfConfigTweaks_chipyard.QuadRocketConfig-WithAutoILA_F90MHz_BaseF1Config -Wno-unused-variable -O2 -I/home/centos/firesim/platforms/f1/aws-fpga/sdk/userspace/include -Wall -I/home/centos/firesim/sim/midas/src/main/cc -std=c++17 -include /home/centos/firesim/sim/output/f1/FireSim-WithNIC_DDR3FRFCFSLLC4MB_WithDefaultFireSimBridges_WithFireSimHighPerfConfigTweaks_chipyard.QuadRocketConfig-WithAutoILA_F90MHz_BaseF1Config/build/FireSim-generated.const.h -c -o /home/centos/firesim/sim/output/f1/FireSim-WithNIC_DDR3FRFCFSLLC4MB_WithDefaultFireSimBridges_WithFireSimHighPerfConfigTweaks_chipyard.QuadRocketConfig-WithAutoILA_F90MHz_BaseF1Config/build/reset_pulse.o /home/centos/firesim/sim/midas/src/main/cc/bridges/reset_pulse.cc -include /home/centos/firesim/sim/output/f1/FireSim-WithNIC_DDR3FRFCFSLLC4MB_WithDefaultFireSimBridges_WithFireSimHighPerfConfigTweaks_chipyard.QuadRocketConfig-WithAutoILA_F90MHz_BaseF1Config/build/FireSim-generated.const.h
g++  -D__STDC_FORMAT_MACROS -g -I/home/centos/firesim/target-design/chipyard/generators/testchipip/src/main/resources/testchipip/csrc -I/home/centos/firesim/sim/firesim-lib/src/main/cc -I/opt/conda/envs/firesim/include -I/home/centos/firesim/sim/src/main/cc/firesim -I/home/centos/firesim/target-design/chipyard/riscv-tools-install/include -I/home/centos/firesim/sim/generated-src/f1/FireSim-WithNIC_DDR3FRFCFSLLC4MB_WithDefaultFireSimBridges_WithFireSimHighPerfConfigTweaks_chipyard.QuadRocketConfig-WithAutoILA_F90MHz_BaseF1Config -Wno-unused-variable -O2 -I/home/centos/firesim/platforms/f1/aws-fpga/sdk/userspace/include -Wall -I/home/centos/firesim/sim/midas/src/main/cc -std=c++17 -include /home/centos/firesim/sim/output/f1/FireSim-WithNIC_DDR3FRFCFSLLC4MB_WithDefaultFireSimBridges_WithFireSimHighPerfConfigTweaks_chipyard.QuadRocketConfig-WithAutoILA_F90MHz_BaseF1Config/build/FireSim-generated.const.h -c -o /home/centos/firesim/sim/output/f1/FireSim-WithNIC_DDR3FRFCFSLLC4MB_WithDefaultFireSimBridges_WithFireSimHighPerfConfigTweaks_chipyard.QuadRocketConfig-WithAutoILA_F90MHz_BaseF1Config/build/address_map.o /home/centos/firesim/sim/midas/src/main/cc/bridges/address_map.cc -include /home/centos/firesim/sim/output/f1/FireSim-WithNIC_DDR3FRFCFSLLC4MB_WithDefaultFireSimBridges_WithFireSimHighPerfConfigTweaks_chipyard.QuadRocketConfig-WithAutoILA_F90MHz_BaseF1Config/build/FireSim-generated.const.h
mkdir -p /home/centos/firesim/sim/output/f1/FireSim-WithNIC_DDR3FRFCFSLLC4MB_WithDefaultFireSimBridges_WithFireSimHighPerfConfigTweaks_chipyard.QuadRocketConfig-WithAutoILA_F90MHz_BaseF1Config
g++  -D__STDC_FORMAT_MACROS -g -I/home/centos/firesim/target-design/chipyard/generators/testchipip/src/main/resources/testchipip/csrc -I/home/centos/firesim/sim/firesim-lib/src/main/cc -I/opt/conda/envs/firesim/include -I/home/centos/firesim/sim/src/main/cc/firesim -I/home/centos/firesim/target-design/chipyard/riscv-tools-install/include -I/home/centos/firesim/sim/generated-src/f1/FireSim-WithNIC_DDR3FRFCFSLLC4MB_WithDefaultFireSimBridges_WithFireSimHighPerfConfigTweaks_chipyard.QuadRocketConfig-WithAutoILA_F90MHz_BaseF1Config -Wno-unused-variable -O2 -I/home/centos/firesim/platforms/f1/aws-fpga/sdk/userspace/include -Wall -I/home/centos/firesim/sim/midas/src/main/cc -std=c++17 -include /home/centos/firesim/sim/output/f1/FireSim-WithNIC_DDR3FRFCFSLLC4MB_WithDefaultFireSimBridges_WithFireSimHighPerfConfigTweaks_chipyard.QuadRocketConfig-WithAutoILA_F90MHz_BaseF1Config/build/FireSim-generated.const.h -include /home/centos/firesim/sim/output/f1/FireSim-WithNIC_DDR3FRFCFSLLC4MB_WithDefaultFireSimBridges_WithFireSimHighPerfConfigTweaks_chipyard.QuadRocketConfig-WithAutoILA_F90MHz_BaseF1Config/build/FireSim-generated.const.h \
-o /home/centos/firesim/sim/output/f1/FireSim-WithNIC_DDR3FRFCFSLLC4MB_WithDefaultFireSimBridges_WithFireSimHighPerfConfigTweaks_chipyard.QuadRocketConfig-WithAutoILA_F90MHz_BaseF1Config/FireSim-f1 /home/centos/firesim/sim/src/main/cc/firesim/firesim_top.cc /home/centos/firesim/sim/src/main/cc/firesim/systematic_scheduler.cc /home/centos/firesim/sim/src/main/cc/firesim/firesim_f1.cc /home/centos/firesim/sim/firesim-lib/src/main/cc/bridges/uart.cc /home/centos/firesim/sim/firesim-lib/src/main/cc/bridges/groundtest.cc /home/centos/firesim/sim/firesim-lib/src/main/cc/bridges/dromajo.cc /home/centos/firesim/sim/firesim-lib/src/main/cc/bridges/blockdev.cc /home/centos/firesim/sim/firesim-lib/src/main/cc/bridges/serial.cc /home/centos/firesim/sim/firesim-lib/src/main/cc/bridges/simplenic.cc /home/centos/firesim/sim/firesim-lib/src/main/cc/bridges/tracerv.cc /home/centos/firesim/sim/firesim-lib/src/main/cc/fesvr/firesim_tsi.cc /home/centos/firesim/sim/firesim-lib/src/main/cc/bridges/tracerv/tracerv_dwarf.cc /home/centos/firesim/sim/firesim-lib/src/main/cc/bridges/tracerv/tracerv_elf.cc /home/centos/firesim/sim/firesim-lib/src/main/cc/bridges/tracerv/tracerv_processing.cc /home/centos/firesim/sim/firesim-lib/src/main/cc/bridges/tracerv/trace_tracker.cc /home/centos/firesim/target-design/chipyard/riscv-tools-install/lib/libfesvr.a /home/centos/firesim/target-design/chipyard/generators/testchipip/src/main/resources/testchipip/csrc/testchip_tsi.cc /home/centos/firesim/sim/output/f1/FireSim-WithNIC_DDR3FRFCFSLLC4MB_WithDefaultFireSimBridges_WithFireSimHighPerfConfigTweaks_chipyard.QuadRocketConfig-WithAutoILA_F90MHz_BaseF1Config/build/simif.o /home/centos/firesim/sim/output/f1/FireSim-WithNIC_DDR3FRFCFSLLC4MB_WithDefaultFireSimBridges_WithFireSimHighPerfConfigTweaks_chipyard.QuadRocketConfig-WithAutoILA_F90MHz_BaseF1Config/build/simif_f1.o  /home/centos/firesim/sim/output/f1/FireSim-WithNIC_DDR3FRFCFSLLC4MB_WithDefaultFireSimBridges_WithFireSimHighPerfConfigTweaks_chipyard.QuadRocketConfig-WithAutoILA_F90MHz_BaseF1Config/build/termination.o  /home/centos/firesim/sim/output/f1/FireSim-WithNIC_DDR3FRFCFSLLC4MB_WithDefaultFireSimBridges_WithFireSimHighPerfConfigTweaks_chipyard.QuadRocketConfig-WithAutoILA_F90MHz_BaseF1Config/build/synthesized_assertions.o  /home/centos/firesim/sim/output/f1/FireSim-WithNIC_DDR3FRFCFSLLC4MB_WithDefaultFireSimBridges_WithFireSimHighPerfConfigTweaks_chipyard.QuadRocketConfig-WithAutoILA_F90MHz_BaseF1Config/build/synthesized_prints.o  /home/centos/firesim/sim/output/f1/FireSim-WithNIC_DDR3FRFCFSLLC4MB_WithDefaultFireSimBridges_WithFireSimHighPerfConfigTweaks_chipyard.QuadRocketConfig-WithAutoILA_F90MHz_BaseF1Config/build/heartbeat.o  /home/centos/firesim/sim/output/f1/FireSim-WithNIC_DDR3FRFCFSLLC4MB_WithDefaultFireSimBridges_WithFireSimHighPerfConfigTweaks_chipyard.QuadRocketConfig-WithAutoILA_F90MHz_BaseF1Config/build/cpu_managed_stream.o  /home/centos/firesim/sim/output/f1/FireSim-WithNIC_DDR3FRFCFSLLC4MB_WithDefaultFireSimBridges_WithFireSimHighPerfConfigTweaks_chipyard.QuadRocketConfig-WithAutoILA_F90MHz_BaseF1Config/build/fased_memory_timing_model.o  /home/centos/firesim/sim/output/f1/FireSim-WithNIC_DDR3FRFCFSLLC4MB_WithDefaultFireSimBridges_WithFireSimHighPerfConfigTweaks_chipyard.QuadRocketConfig-WithAutoILA_F90MHz_BaseF1Config/build/autocounter.o  /home/centos/firesim/sim/output/f1/FireSim-WithNIC_DDR3FRFCFSLLC4MB_WithDefaultFireSimBridges_WithFireSimHighPerfConfigTweaks_chipyard.QuadRocketConfig-WithAutoILA_F90MHz_BaseF1Config/build/reset_pulse.o  /home/centos/firesim/sim/output/f1/FireSim-WithNIC_DDR3FRFCFSLLC4MB_WithDefaultFireSimBridges_WithFireSimHighPerfConfigTweaks_chipyard.QuadRocketConfig-WithAutoILA_F90MHz_BaseF1Config/build/address_map.o  -L/home/centos/firesim/target-design/chipyard/riscv-tools-install/lib -L/opt/conda/envs/firesim/lib -L/opt/conda/envs/firesim/lib -l:libdwarf.so -l:libelf.so -lz -ldromajo_cosim -lrt -Wl,-rpath='$ORIGIN' -L /usr/local/lib64 -lfpga_mgmt -L/home/centos/firesim/sim/output/f1/FireSim-WithNIC_DDR3FRFCFSLLC4MB_WithDefaultFireSimBridges_WithFireSimHighPerfConfigTweaks_chipyard.QuadRocketConfig-WithAutoILA_F90MHz_BaseF1Config/build -lstdc++ -lpthread -lgmp
In file included from /home/centos/firesim/sim/src/main/cc/firesim/firesim_top.cc:8:
/home/centos/firesim/sim/firesim-lib/src/main/cc/bridges/dromajo.h:6:10: fatal error: dromajo_cosim.h: No such file or directory
    6 | #include "dromajo_cosim.h"
      |          ^~~~~~~~~~~~~~~~~
compilation terminated.
/home/centos/firesim/sim/firesim-lib/src/main/cc/bridges/uart.cc:10: warning: "_XOPEN_SOURCE" redefined
   10 | #define _XOPEN_SOURCE
      | 
In file included from /opt/conda/envs/firesim/x86_64-conda-linux-gnu/sysroot/usr/include/stdint.h:25,
                 from /opt/conda/envs/firesim/lib/gcc/x86_64-conda-linux-gnu/10.4.0/include/stdint.h:9,
                 from /home/centos/firesim/sim/output/f1/FireSim-WithNIC_DDR3FRFCFSLLC4MB_WithDefaultFireSimBridges_WithFireSimHighPerfConfigTweaks_chipyard.QuadRocketConfig-WithAutoILA_F90MHz_BaseF1Config/build/FireSim-generated.const.h:6,
                 from <command-line>:
/opt/conda/envs/firesim/x86_64-conda-linux-gnu/sysroot/usr/include/features.h:170: note: this is the location of the previous definition
  170 | # define _XOPEN_SOURCE 700
      | 
/home/centos/firesim/sim/firesim-lib/src/main/cc/bridges/simplenic.cc: In member function 'virtual void simplenic_t::init()':
/home/centos/firesim/sim/firesim-lib/src/main/cc/bridges/simplenic.cc:263:28: warning: comparison of integer expressions of different signedness: 'long unsigned int' and 'int' [-Wsign-compare]
  263 |   if (token_bytes_produced != token_bytes_to_send) {
      |       ~~~~~~~~~~~~~~~~~~~~~^~~~~~~~~~~~~~~~~~~~~~
/home/centos/firesim/sim/firesim-lib/src/main/cc/bridges/simplenic.cc:265:53: warning: format '%d' expects argument of type 'int', but argument 3 has type 'long unsigned int' [-Wformat=]
  265 |            "latency on init. Required %d, enqueued %d\n",
      |                                                    ~^
      |                                                     |
      |                                                     int
      |                                                    %ld
/home/centos/firesim/sim/firesim-lib/src/main/cc/bridges/simplenic.cc: In constructor 'simplenic_t::simplenic_t(simif_t*, std::vector<std::__cxx11::basic_string<char> >&, SIMPLENICBRIDGEMODULE_struct*, int, int, int, int, int)':
/home/centos/firesim/sim/firesim-lib/src/main/cc/bridges/simplenic.cc:101:22: warning: 'trailingjunk' may be used uninitialized in this function [-Wmaybe-uninitialized]
  101 |       if (6 == sscanf(macstring,
      |                ~~~~~~^~~~~~~~~~~
  102 |                       "%x:%x:%x:%x:%x:%x%c",
      |                       ~~~~~~~~~~~~~~~~~~~~~~
  103 |                       &mac_octets[0],
      |                       ~~~~~~~~~~~~~~~
  104 |                       &mac_octets[1],
      |                       ~~~~~~~~~~~~~~~
  105 |                       &mac_octets[2],
      |                       ~~~~~~~~~~~~~~~
  106 |                       &mac_octets[3],
      |                       ~~~~~~~~~~~~~~~
  107 |                       &mac_octets[4],
      |                       ~~~~~~~~~~~~~~~
  108 |                       &mac_octets[5],
      |                       ~~~~~~~~~~~~~~~
  109 |                       trailingjunk)) {
      |                       ~~~~~~~~~~~~~
/home/centos/firesim/sim/firesim-lib/src/main/cc/bridges/tracerv.cc: In member function 'virtual void tracerv_t::init()':
/home/centos/firesim/sim/firesim-lib/src/main/cc/bridges/tracerv.cc:212:66: warning: format '%lu' expects argument of type 'long unsigned int', but argument 2 has type 'int' [-Wformat=]
  212 |     printf("TracerV: No trigger selected. Trigger enabled from %lu to %lu "
      |                                                                ~~^
      |                                                                  |
      |                                                                  long unsigned int
      |                                                                %u
  213 |            "cycles\n",
  214 |            0,
      |            ~                                                      
      |            |
      |            int
/home/centos/firesim/sim/firesim-lib/src/main/cc/bridges/tracerv.cc: In member function 'size_t tracerv_t::process_tokens(int, int)':
/home/centos/firesim/sim/firesim-lib/src/main/cc/bridges/tracerv.cc:236:25: warning: comparison of integer expressions of different signedness: 'int' and 'long unsigned int' [-Wsign-compare]
  236 |       for (int i = 0; i < bytes_received; i += 8) {
      |                       ~~^~~~~~~~~~~~~~~~
/home/centos/firesim/sim/firesim-lib/src/main/cc/bridges/tracerv.cc:263:25: warning: comparison of integer expressions of different signedness: 'int' and 'long unsigned int' [-Wsign-compare]
  263 |       for (int i = 0; i < bytes_received; i += 8) {
      |                       ~~^~~~~~~~~~~~~~~~
/home/centos/firesim/sim/firesim-lib/src/main/cc/bridges/tracerv.cc:279:25: warning: comparison of integer expressions of different signedness: 'int' and 'long unsigned int' [-Wsign-compare]
  279 |       for (int i = 0; i < bytes_received; i += 8) {
      |                       ~~^~~~~~~~~~~~~~~~
/home/centos/firesim/sim/firesim-lib/src/main/cc/fesvr/firesim_tsi.cc: In constructor 'firesim_tsi_t::firesim_tsi_t(int, char**, bool)':
/home/centos/firesim/sim/firesim-lib/src/main/cc/fesvr/firesim_tsi.cc:5:34: warning: '*<unknown>.firesim_tsi_t::<anonymous>.testchip_tsi_t::has_loadmem' is used uninitialized in this function [-Wuninitialized]
    5 |     : testchip_tsi_t(argc, argv, has_loadmem), is_busy(false) {
      |                                  ^~~~~~~~~~~
In file included from /home/centos/firesim/sim/firesim-lib/src/main/cc/bridges/tracerv/tracerv_dwarf.cc:1:
/home/centos/firesim/sim/firesim-lib/src/main/cc/bridges/tracerv/tracerv_dwarf.h:5:10: fatal error: libdwarf.h: No such file or directory
    5 | #include <libdwarf.h>
      |          ^~~~~~~~~~~~
compilation terminated.
In file included from /home/centos/firesim/sim/firesim-lib/src/main/cc/bridges/tracerv/tracerv_elf.h:4,
                 from /home/centos/firesim/sim/firesim-lib/src/main/cc/bridges/tracerv/tracerv_elf.cc:1:
/home/centos/firesim/sim/firesim-lib/src/main/cc/bridges/tracerv/tracerv_dwarf.h:5:10: fatal error: libdwarf.h: No such file or directory
    5 | #include <libdwarf.h>
      |          ^~~~~~~~~~~~
compilation terminated.
In file included from /home/centos/firesim/sim/firesim-lib/src/main/cc/bridges/tracerv/tracerv_processing.cc:2:
/home/centos/firesim/sim/firesim-lib/src/main/cc/bridges/tracerv/tracerv_dwarf.h:5:10: fatal error: libdwarf.h: No such file or directory
    5 | #include <libdwarf.h>
      |          ^~~~~~~~~~~~
compilation terminated.
make[1]: *** [Makefile:46: /home/centos/firesim/sim/output/f1/FireSim-WithNIC_DDR3FRFCFSLLC4MB_WithDefaultFireSimBridges_WithFireSimHighPerfConfigTweaks_chipyard.QuadRocketConfig-WithAutoILA_F90MHz_BaseF1Config/FireSim-f1] Error 1
make[1]: Leaving directory '/home/centos/firesim/sim/midas/src/main/cc'
make: *** [target-agnostic.mk:187: /home/centos/firesim/sim/output/f1/FireSim-WithNIC_DDR3FRFCFSLLC4MB_WithDefaultFireSimBridges_WithFireSimHighPerfConfigTweaks_chipyard.QuadRocketConfig-WithAutoILA_F90MHz_BaseF1Config/FireSim-f1] Error 2
2022-10-12 07:45:52,536 [build_sim_dr] [INFO ]  FPGA software driver build failed. Exiting. See log for details.
2022-10-12 07:45:52,536 [build_sim_dr] [INFO ]  You can also re-run 'make DESIGN=FireSim TARGET_CONFIG=WithNIC_DDR3FRFCFSLLC4MB_WithDefaultFireSimBridges_WithFireSimHighPerfConfigTweaks_chipyard.QuadRocketConfig PLATFORM_CONFIG=WithAutoILA_F90MHz_BaseF1Config PLATFORM=f1 f1' in the 'firesim/sim' directory to debug this error.
2022-10-12 07:45:52,536 [<module>    ] [ERROR]  Fatal error.
Traceback (most recent call last):
  File "/home/centos/firesim/deploy/firesim", line 519, in <module>
    main(args)
  File "/home/centos/firesim/deploy/firesim", line 458, in main
    t['task'](t['config'](args))
  File "/home/centos/firesim/deploy/firesim", line 228, in infrasetup
    runtime_conf.infrasetup()
  File "/home/centos/firesim/deploy/runtools/runtime_config.py", line 592, in infrasetup
    self.firesim_topology_with_passes.infrasetup_passes(use_mock_instances_for_testing)
  File "/home/centos/firesim/deploy/runtools/firesim_topology_with_passes.py", line 383, in infrasetup_passes
    self.pass_build_required_drivers()
  File "/home/centos/firesim/deploy/runtools/firesim_topology_with_passes.py", line 369, in pass_build_required_drivers
    server.get_resolved_server_hardware_config().build_sim_driver()
  File "/home/centos/firesim/deploy/runtools/runtime_config.py", line 270, in build_sim_driver
    sys.exit(1)
SystemExit: 1
2022-10-12 07:45:52,538 [<module>    ] [INFO ]  The full log of this run is:
/home/centos/firesim/deploy/logs/2022-10-12--07-45-17-infrasetup-7NSVZMYS2PM2CH0X.log
